<?xml version="1.0" encoding="UTF-8"?>
<!-- Generated by org.testng.reporters.JUnitXMLReporter -->
<testsuite ignored="2" hostname="TRD-LAP-156" failures="0" tests="1" name="Default test" time="26.721" errors="0" timestamp="2023-03-02T18:07:36 IST">
  <testcase classname="TestCasess.DSF_Login_With_Password_Journey_660281" name="logout_with_Password_DSF_Advisor_Verify_the_Welcome_to_Service_Buddy_LinkText" time="26.626"/>
  <testcase classname="TestCasess.DSF_Login_With_Password_Journey_660281" name="Login_WthPassword_verify_theDashboard_page" time="0.0">
    <ignored/>
  </testcase> <!-- Login_WthPassword_verify_theDashboard_page -->
  <testcase classname="TestCasess.DSF_Login_With_Password_Journey_660281" name="Login_With_Password_DSF_advisor" time="0.0">
    <ignored/>
  </testcase> <!-- Login_With_Password_DSF_advisor -->
</testsuite> <!-- Default test -->
