<?xml version="1.0" encoding="UTF-8"?>
<testng-results ignored="0" total="24" passed="23" failed="1" skipped="0">
  <reporter-output>
  </reporter-output>
  <suite started-at="2023-03-02T18:13:17 IST" name="Suite" finished-at="2023-03-02T18:23:27 IST" duration-ms="609387">
    <groups>
    </groups>
    <test started-at="2023-03-02T18:13:17 IST" name="Test" finished-at="2023-03-02T18:23:27 IST" duration-ms="609387">
      <class name="TestCasess.APC_Login_with_Password_Journey_BG8127">
        <test-method signature="Login_With_Password_APC_advisor()[pri:7, instance:TestCasess.APC_Login_with_Password_Journey_BG8127@21a21c64]" started-at="2023-03-02T18:17:58 IST" name="Login_With_Password_APC_advisor" description=" login With Password APC Advisor channel BG8127 " finished-at="2023-03-02T18:18:19 IST" duration-ms="21517" status="PASS">
          <reporter-output>
          </reporter-output>
        </test-method> <!-- Login_With_Password_APC_advisor -->
        <test-method signature="Login_WthPassword_verify_theDashboard_page()[pri:8, instance:TestCasess.APC_Login_with_Password_Journey_BG8127@21a21c64]" started-at="2023-03-02T18:18:19 IST" name="Login_WthPassword_verify_theDashboard_page" description="verify the dashboard page in APC Advisor channel " finished-at="2023-03-02T18:18:45 IST" duration-ms="26043" status="PASS">
          <reporter-output>
          </reporter-output>
        </test-method> <!-- Login_WthPassword_verify_theDashboard_page -->
        <test-method signature="logout_with_Password_APC_Advisor_Verify_the_Welcome_to_Service_Buddy_LinkText()[pri:9, instance:TestCasess.APC_Login_with_Password_Journey_BG8127@21a21c64]" started-at="2023-03-02T18:18:45 IST" name="logout_with_Password_APC_Advisor_Verify_the_Welcome_to_Service_Buddy_LinkText" description=" login With Password APC Advisor Channel &amp; click on Logout button  " finished-at="2023-03-02T18:19:30 IST" duration-ms="44975" status="PASS">
          <reporter-output>
          </reporter-output>
        </test-method> <!-- logout_with_Password_APC_Advisor_Verify_the_Welcome_to_Service_Buddy_LinkText -->
      </class> <!-- TestCasess.APC_Login_with_Password_Journey_BG8127 -->
      <class name="TestCasess.DSF_Login_With_Password_Journey_660281">
        <test-method signature="Login_With_Password_DSF_advisor()[pri:4, instance:TestCasess.DSF_Login_With_Password_Journey_660281@7803bfd]" started-at="2023-03-02T18:19:30 IST" name="Login_With_Password_DSF_advisor" description=" login With Password DSF Advisor channel " finished-at="2023-03-02T18:19:53 IST" duration-ms="22765" status="PASS">
          <reporter-output>
          </reporter-output>
        </test-method> <!-- Login_With_Password_DSF_advisor -->
        <test-method signature="Login_WthPassword_verify_theDashboard_page()[pri:5, instance:TestCasess.DSF_Login_With_Password_Journey_660281@7803bfd]" started-at="2023-03-02T18:19:53 IST" name="Login_WthPassword_verify_theDashboard_page" description="verify the dashboard page in DSF Advisor channel " finished-at="2023-03-02T18:20:15 IST" duration-ms="22140" status="PASS">
          <reporter-output>
          </reporter-output>
        </test-method> <!-- Login_WthPassword_verify_theDashboard_page -->
        <test-method signature="logout_with_Password_DSF_Advisor_Verify_the_Welcome_to_Service_Buddy_LinkText()[pri:6, instance:TestCasess.DSF_Login_With_Password_Journey_660281@7803bfd]" started-at="2023-03-02T18:20:15 IST" name="logout_with_Password_DSF_Advisor_Verify_the_Welcome_to_Service_Buddy_LinkText" description=" login With Password DSF Advisor Channel &amp; click on Logout button  " finished-at="2023-03-02T18:20:48 IST" duration-ms="33018" status="PASS">
          <reporter-output>
          </reporter-output>
        </test-method> <!-- logout_with_Password_DSF_Advisor_Verify_the_Welcome_to_Service_Buddy_LinkText -->
      </class> <!-- TestCasess.DSF_Login_With_Password_Journey_660281 -->
      <class name="TestCasess.TPD_Banca_Login_with_Password_Journey_BS8753">
        <test-method signature="Login_With_Password_TPD_Banca_advisor()[pri:22, instance:TestCasess.TPD_Banca_Login_with_Password_Journey_BS8753@386f0da3]" started-at="2023-03-02T18:13:17 IST" name="Login_With_Password_TPD_Banca_advisor" description=" login With Password TPD_Banca Advisor channel LF0438 " finished-at="2023-03-02T18:13:37 IST" duration-ms="19973" status="PASS">
          <reporter-output>
          </reporter-output>
        </test-method> <!-- Login_With_Password_TPD_Banca_advisor -->
        <test-method signature="Login_WthPassword_verify_theDashboard_page()[pri:23, instance:TestCasess.TPD_Banca_Login_with_Password_Journey_BS8753@386f0da3]" started-at="2023-03-02T18:13:38 IST" name="Login_WthPassword_verify_theDashboard_page" description="verify the dashboard page in HDFC Advisor channel " finished-at="2023-03-02T18:14:01 IST" duration-ms="23509" status="PASS">
          <reporter-output>
          </reporter-output>
        </test-method> <!-- Login_WthPassword_verify_theDashboard_page -->
        <test-method signature="logout_with_Password_TPD_Banca_Verify_the_Welcome_to_Service_Buddy_LinkText()[pri:24, instance:TestCasess.TPD_Banca_Login_with_Password_Journey_BS8753@386f0da3]" started-at="2023-03-02T18:14:01 IST" name="logout_with_Password_TPD_Banca_Verify_the_Welcome_to_Service_Buddy_LinkText" description=" login With Password TPD_Banca Advisor Channel &amp; click on Logout button  " finished-at="2023-03-02T18:14:28 IST" duration-ms="26553" status="PASS">
          <reporter-output>
          </reporter-output>
        </test-method> <!-- logout_with_Password_TPD_Banca_Verify_the_Welcome_to_Service_Buddy_LinkText -->
      </class> <!-- TestCasess.TPD_Banca_Login_with_Password_Journey_BS8753 -->
      <class name="TestCasess.APC_Login_with_OTP_Journey_BG8127">
        <test-method signature="Login_WithOTP_APC_advisor()[pri:10, instance:TestCasess.APC_Login_with_OTP_Journey_BG8127@42bc14c1]" started-at="2023-03-02T18:20:48 IST" name="Login_WithOTP_APC_advisor" description=" login With OTP APC Advisor BG8127 " finished-at="2023-03-02T18:21:11 IST" duration-ms="23342" status="PASS">
          <reporter-output>
          </reporter-output>
        </test-method> <!-- Login_WithOTP_APC_advisor -->
        <test-method signature="APC_Advisor_Dashboard()[pri:11, instance:TestCasess.APC_Login_with_OTP_Journey_BG8127@42bc14c1]" started-at="2023-03-02T18:21:11 IST" name="APC_Advisor_Dashboard" description=" login With OTP APC Advisor portal verify the Dashboadr page " finished-at="2023-03-02T18:21:35 IST" duration-ms="23491" status="PASS">
          <reporter-output>
          </reporter-output>
        </test-method> <!-- APC_Advisor_Dashboard -->
        <test-method signature="logout_with_APC_Advisor()[pri:12, instance:TestCasess.APC_Login_with_OTP_Journey_BG8127@42bc14c1]" started-at="2023-03-02T18:21:35 IST" name="logout_with_APC_Advisor" description=" login With OTP APC Advisor portal click on logout button  " finished-at="2023-03-02T18:22:07 IST" duration-ms="32110" status="PASS">
          <reporter-output>
          </reporter-output>
        </test-method> <!-- logout_with_APC_Advisor -->
      </class> <!-- TestCasess.APC_Login_with_OTP_Journey_BG8127 -->
      <class name="TestCasess.HDFC_Login_with_Password_Journey_LF0438">
        <test-method signature="Login_With_Password_HDFC_advisor()[pri:13, instance:TestCasess.HDFC_Login_with_Password_Journey_LF0438@388526fb]" started-at="2023-03-02T18:16:36 IST" name="Login_With_Password_HDFC_advisor" description=" login With Password HDFC Advisor channel LF0438 " finished-at="2023-03-02T18:17:09 IST" duration-ms="33113" status="PASS">
          <reporter-output>
          </reporter-output>
        </test-method> <!-- Login_With_Password_HDFC_advisor -->
        <test-method signature="Login_WthPassword_verify_theDashboard_page()[pri:14, instance:TestCasess.HDFC_Login_with_Password_Journey_LF0438@388526fb]" started-at="2023-03-02T18:17:09 IST" name="Login_WthPassword_verify_theDashboard_page" description="verify the dashboard page in HDFC Advisor channel " finished-at="2023-03-02T18:17:32 IST" duration-ms="23412" status="PASS">
          <reporter-output>
          </reporter-output>
        </test-method> <!-- Login_WthPassword_verify_theDashboard_page -->
        <test-method signature="logout_with_Password_HDFC_Advisor_Verify_the_Welcome_to_Service_Buddy_LinkText()[pri:15, instance:TestCasess.HDFC_Login_with_Password_Journey_LF0438@388526fb]" started-at="2023-03-02T18:17:32 IST" name="logout_with_Password_HDFC_Advisor_Verify_the_Welcome_to_Service_Buddy_LinkText" description=" login With Password HDFC Advisor Channel &amp; click on Logout button  " finished-at="2023-03-02T18:17:58 IST" duration-ms="25368" status="PASS">
          <reporter-output>
          </reporter-output>
        </test-method> <!-- logout_with_Password_HDFC_Advisor_Verify_the_Welcome_to_Service_Buddy_LinkText -->
      </class> <!-- TestCasess.HDFC_Login_with_Password_Journey_LF0438 -->
      <class name="TestCasess.HDFC_Login_with_OTP_Journey_LF0438">
        <test-method signature="Login_WithOTP_HDFC_advisor()[pri:16, instance:TestCasess.HDFC_Login_with_OTP_Journey_LF0438@6138e79a]" started-at="2023-03-02T18:14:28 IST" name="Login_WithOTP_HDFC_advisor" description=" login With OTP HDFC Advisor LF0438 " finished-at="2023-03-02T18:14:48 IST" duration-ms="20201" status="PASS">
          <reporter-output>
          </reporter-output>
        </test-method> <!-- Login_WithOTP_HDFC_advisor -->
        <test-method signature="HDFC_Advisor_Dashboard()[pri:17, instance:TestCasess.HDFC_Login_with_OTP_Journey_LF0438@6138e79a]" started-at="2023-03-02T18:14:48 IST" name="HDFC_Advisor_Dashboard" description=" login With OTP HDFC Advisor portal verify the Dashboadr page " finished-at="2023-03-02T18:15:08 IST" duration-ms="19987" status="PASS">
          <reporter-output>
          </reporter-output>
        </test-method> <!-- HDFC_Advisor_Dashboard -->
        <test-method signature="logout_with_HDFC_Advisor()[pri:18, instance:TestCasess.HDFC_Login_with_OTP_Journey_LF0438@6138e79a]" started-at="2023-03-02T18:15:08 IST" name="logout_with_HDFC_Advisor" description=" login With OTP HDFC Advisor portal click on logout button  " finished-at="2023-03-02T18:15:31 IST" duration-ms="23406" status="PASS">
          <reporter-output>
          </reporter-output>
        </test-method> <!-- logout_with_HDFC_Advisor -->
      </class> <!-- TestCasess.HDFC_Login_with_OTP_Journey_LF0438 -->
      <class name="TestCasess.DSF_Login_withOTP_Journey_660281">
        <test-method signature="Login_WithOTP_DSF_advisor()[pri:0, instance:TestCasess.DSF_Login_withOTP_Journey_660281@531f4093]" started-at="2023-03-02T18:22:07 IST" name="Login_WithOTP_DSF_advisor" description=" login With OTP DSF Advisor " finished-at="2023-03-02T18:22:32 IST" duration-ms="25041" status="PASS">
          <reporter-output>
          </reporter-output>
        </test-method> <!-- Login_WithOTP_DSF_advisor -->
        <test-method signature="logout_with_DSF_Advisor()[pri:1, instance:TestCasess.DSF_Login_withOTP_Journey_660281@531f4093]" started-at="2023-03-02T18:22:32 IST" name="logout_with_DSF_Advisor" description=" login With OTP DSF Advisor portal click on logout button  " finished-at="2023-03-02T18:22:57 IST" duration-ms="24459" status="PASS">
          <reporter-output>
          </reporter-output>
        </test-method> <!-- logout_with_DSF_Advisor -->
        <test-method signature="DSF_Advisor_Dashboard()[pri:2, instance:TestCasess.DSF_Login_withOTP_Journey_660281@531f4093]" started-at="2023-03-02T18:22:57 IST" name="DSF_Advisor_Dashboard" description=" login With OTP DSF Advisor portal verify the Dashboadr page " finished-at="2023-03-02T18:23:27 IST" duration-ms="30206" status="FAIL">
          <exception class="org.openqa.selenium.NoSuchElementException">
            <message>
              <![CDATA[no such element: Unable to locate element: {"method":"xpath","selector":"//span[@id='profile-tab']"}
  (Session info: chrome=110.0.5481.178)
For documentation on this error, please visit: https://selenium.dev/exceptions/#no_such_element
Build info: version: '4.7.2', revision: '4d4020c3b7'
System info: os.name: 'Windows 11', os.arch: 'amd64', os.version: '10.0', java.version: '19.0.1'
Driver info: org.openqa.selenium.chrome.ChromeDriver
Command: [80fb6879449c3d06f10521e93213c3e8, findElement {using=xpath, value=//span[@id='profile-tab']}]
Capabilities {acceptInsecureCerts: false, browserName: chrome, browserVersion: 110.0.5481.178, chrome: {chromedriverVersion: 109.0.5414.74 (e7c5703604da..., userDataDir: C:\Users\Pruthish\AppData\L...}, goog:chromeOptions: {debuggerAddress: localhost:53673}, networkConnectionEnabled: false, pageLoadStrategy: normal, platformName: WINDOWS, proxy: Proxy(), se:cdp: ws://localhost:53673/devtoo..., se:cdpVersion: 110.0.5481.178, setWindowRect: true, strictFileInteractability: false, timeouts: {implicit: 0, pageLoad: 300000, script: 30000}, unhandledPromptBehavior: dismiss and notify, webauthn:extension:credBlob: true, webauthn:extension:largeBlob: true, webauthn:virtualAuthenticators: true}
Session ID: 80fb6879449c3d06f10521e93213c3e8]]>
            </message>
            <full-stacktrace>
              <![CDATA[org.openqa.selenium.NoSuchElementException: no such element: Unable to locate element: {"method":"xpath","selector":"//span[@id='profile-tab']"}
  (Session info: chrome=110.0.5481.178)
For documentation on this error, please visit: https://selenium.dev/exceptions/#no_such_element
Build info: version: '4.7.2', revision: '4d4020c3b7'
System info: os.name: 'Windows 11', os.arch: 'amd64', os.version: '10.0', java.version: '19.0.1'
Driver info: org.openqa.selenium.chrome.ChromeDriver
Command: [80fb6879449c3d06f10521e93213c3e8, findElement {using=xpath, value=//span[@id='profile-tab']}]
Capabilities {acceptInsecureCerts: false, browserName: chrome, browserVersion: 110.0.5481.178, chrome: {chromedriverVersion: 109.0.5414.74 (e7c5703604da..., userDataDir: C:\Users\Pruthish\AppData\L...}, goog:chromeOptions: {debuggerAddress: localhost:53673}, networkConnectionEnabled: false, pageLoadStrategy: normal, platformName: WINDOWS, proxy: Proxy(), se:cdp: ws://localhost:53673/devtoo..., se:cdpVersion: 110.0.5481.178, setWindowRect: true, strictFileInteractability: false, timeouts: {implicit: 0, pageLoad: 300000, script: 30000}, unhandledPromptBehavior: dismiss and notify, webauthn:extension:credBlob: true, webauthn:extension:largeBlob: true, webauthn:virtualAuthenticators: true}
Session ID: 80fb6879449c3d06f10521e93213c3e8
at java.base/jdk.internal.reflect.DirectConstructorHandleAccessor.newInstance(DirectConstructorHandleAccessor.java:67)
at java.base/java.lang.reflect.Constructor.newInstanceWithCaller(Constructor.java:500)
at java.base/java.lang.reflect.Constructor.newInstance(Constructor.java:484)
at org.openqa.selenium.remote.codec.w3c.W3CHttpResponseCodec.createException(W3CHttpResponseCodec.java:200)
at org.openqa.selenium.remote.codec.w3c.W3CHttpResponseCodec.decode(W3CHttpResponseCodec.java:133)
at org.openqa.selenium.remote.codec.w3c.W3CHttpResponseCodec.decode(W3CHttpResponseCodec.java:53)
at org.openqa.selenium.remote.HttpCommandExecutor.execute(HttpCommandExecutor.java:184)
at org.openqa.selenium.remote.service.DriverCommandExecutor.invokeExecute(DriverCommandExecutor.java:167)
at org.openqa.selenium.remote.service.DriverCommandExecutor.execute(DriverCommandExecutor.java:142)
at org.openqa.selenium.remote.RemoteWebDriver.execute(RemoteWebDriver.java:535)
at org.openqa.selenium.remote.ElementLocation$ElementFinder$2.findElement(ElementLocation.java:162)
at org.openqa.selenium.remote.ElementLocation.findElement(ElementLocation.java:60)
at org.openqa.selenium.remote.RemoteWebDriver.findElement(RemoteWebDriver.java:351)
at org.openqa.selenium.remote.RemoteWebDriver.findElement(RemoteWebDriver.java:343)
at TestCasess.DSF_Login_withOTP_Journey_660281.DSF_Advisor_Dashboard(DSF_Login_withOTP_Journey_660281.java:104)
at java.base/jdk.internal.reflect.DirectMethodHandleAccessor.invoke(DirectMethodHandleAccessor.java:104)
at java.base/java.lang.reflect.Method.invoke(Method.java:578)
at org.testng.internal.invokers.MethodInvocationHelper.invokeMethod(MethodInvocationHelper.java:139)
at org.testng.internal.invokers.TestInvoker.invokeMethod(TestInvoker.java:677)
at org.testng.internal.invokers.TestInvoker.invokeTestMethod(TestInvoker.java:221)
at org.testng.internal.invokers.MethodRunner.runInSequence(MethodRunner.java:50)
at org.testng.internal.invokers.TestInvoker$MethodInvocationAgent.invoke(TestInvoker.java:962)
at org.testng.internal.invokers.TestInvoker.invokeTestMethods(TestInvoker.java:194)
at org.testng.internal.invokers.TestMethodWorker.invokeTestMethods(TestMethodWorker.java:148)
at org.testng.internal.invokers.TestMethodWorker.run(TestMethodWorker.java:128)
at java.base/java.util.ArrayList.forEach(ArrayList.java:1511)
at org.testng.TestRunner.privateRun(TestRunner.java:806)
at org.testng.TestRunner.run(TestRunner.java:601)
at org.testng.SuiteRunner.runTest(SuiteRunner.java:433)
at org.testng.SuiteRunner.runSequentially(SuiteRunner.java:427)
at org.testng.SuiteRunner.privateRun(SuiteRunner.java:387)
at org.testng.SuiteRunner.run(SuiteRunner.java:330)
at org.testng.SuiteRunnerWorker.runSuite(SuiteRunnerWorker.java:52)
at org.testng.SuiteRunnerWorker.run(SuiteRunnerWorker.java:95)
at org.testng.TestNG.runSuitesSequentially(TestNG.java:1256)
at org.testng.TestNG.runSuitesLocally(TestNG.java:1176)
at org.testng.TestNG.runSuites(TestNG.java:1099)
at org.testng.TestNG.run(TestNG.java:1067)
at org.testng.remote.AbstractRemoteTestNG.run(AbstractRemoteTestNG.java:115)
at org.testng.remote.RemoteTestNG.initAndRun(RemoteTestNG.java:251)
at org.testng.remote.RemoteTestNG.main(RemoteTestNG.java:77)
]]>
            </full-stacktrace>
          </exception> <!-- org.openqa.selenium.NoSuchElementException -->
          <reporter-output>
          </reporter-output>
        </test-method> <!-- DSF_Advisor_Dashboard -->
      </class> <!-- TestCasess.DSF_Login_withOTP_Journey_660281 -->
      <class name="TestCasess.TPD_Banca_Login_with_OTP_Journey_BS8753">
        <test-method signature="Login_WithOTP_TPD_Banca_advisor()[pri:19, instance:TestCasess.TPD_Banca_Login_with_OTP_Journey_BS8753@2dcd168a]" started-at="2023-03-02T18:15:31 IST" name="Login_WithOTP_TPD_Banca_advisor" description=" login With OTP TPD_Banca Advisor BS8753 " finished-at="2023-03-02T18:15:50 IST" duration-ms="18636" status="PASS">
          <reporter-output>
          </reporter-output>
        </test-method> <!-- Login_WithOTP_TPD_Banca_advisor -->
        <test-method signature="TPD_Banca_Dashboard()[pri:20, instance:TestCasess.TPD_Banca_Login_with_OTP_Journey_BS8753@2dcd168a]" started-at="2023-03-02T18:15:50 IST" name="TPD_Banca_Dashboard" description=" login With OTP TPD_Banca Advisor portal verify the Dashboadr page " finished-at="2023-03-02T18:16:11 IST" duration-ms="21556" status="PASS">
          <reporter-output>
          </reporter-output>
        </test-method> <!-- TPD_Banca_Dashboard -->
        <test-method signature="logout_with_TPD_Banca_Advisor()[pri:21, instance:TestCasess.TPD_Banca_Login_with_OTP_Journey_BS8753@2dcd168a]" started-at="2023-03-02T18:16:11 IST" name="logout_with_TPD_Banca_Advisor" description=" login With OTP TPD_Banca portal click on logout button  " finished-at="2023-03-02T18:16:36 IST" duration-ms="24302" status="PASS">
          <reporter-output>
          </reporter-output>
        </test-method> <!-- logout_with_TPD_Banca_Advisor -->
      </class> <!-- TestCasess.TPD_Banca_Login_with_OTP_Journey_BS8753 -->
    </test> <!-- Test -->
  </suite> <!-- Suite -->
</testng-results>
